{"level":"info","message":"Experiment Starts!!!!","timestamp":"2016-07-13T07:53:35.652Z"}
{"step":1,"level":"info","message":"validation","timestamp":"2016-07-13T07:53:37.350Z"}
{"location":"location11","level":"info","message":"touch a location card","timestamp":"2016-07-13T07:53:40.521Z"}
{"step":2,"level":"info","message":"validation","timestamp":"2016-07-13T07:53:43.083Z"}
{"level":"info","message":"Experiment Ends!!!!","timestamp":"2016-07-13T07:53:51.889Z"}
{"level":"info","message":"Experiment Starts!!!!","timestamp":"2016-07-13T07:53:56.008Z"}
{"location":"location23","level":"info","message":"touch a location card","timestamp":"2016-07-13T07:53:59.745Z"}
{"location":"location22","level":"info","message":"touch a location card","timestamp":"2016-07-13T07:54:00.912Z"}
{"location":"location22","level":"info","message":"touch a location card","timestamp":"2016-07-13T07:54:03.045Z"}
{"location":"location22","level":"info","message":"touch a location card","timestamp":"2016-07-13T07:54:03.046Z"}
{"location":"location22","level":"info","message":"touch a location card","timestamp":"2016-07-13T07:54:04.331Z"}
{"location":"location22","level":"info","message":"touch a location card","timestamp":"2016-07-13T07:54:04.332Z"}
{"location":"location22","level":"info","message":"touch a location card","timestamp":"2016-07-13T07:54:04.333Z"}
{"location":"location22","level":"info","message":"touch a location card","timestamp":"2016-07-13T07:54:09.066Z"}
{"location":"location22","level":"info","message":"touch a location card","timestamp":"2016-07-13T07:54:09.066Z"}
{"location":"location22","level":"info","message":"touch a location card","timestamp":"2016-07-13T07:54:09.067Z"}
{"location":"location22","level":"info","message":"touch a location card","timestamp":"2016-07-13T07:54:09.067Z"}
{"location":"location22","level":"info","message":"touch a location card","timestamp":"2016-07-13T07:54:14.476Z"}
{"location":"location22","level":"info","message":"touch a location card","timestamp":"2016-07-13T07:54:14.478Z"}
{"location":"location22","level":"info","message":"touch a location card","timestamp":"2016-07-13T07:54:14.478Z"}
{"location":"location22","level":"info","message":"touch a location card","timestamp":"2016-07-13T07:54:14.478Z"}
{"location":"location22","level":"info","message":"touch a location card","timestamp":"2016-07-13T07:54:14.478Z"}
{"level":"info","message":"Experiment Starts!!!!","timestamp":"2016-07-13T08:09:00.429Z"}
{"location":"location15","level":"info","message":"touch a location card","timestamp":"2016-07-13T08:09:03.811Z"}
{"location":"location15","level":"info","message":"touch a location card","timestamp":"2016-07-13T08:09:05.580Z"}
{"location":"location15","level":"info","message":"touch a location card","timestamp":"2016-07-13T08:09:05.581Z"}
{"location":"location15","level":"info","message":"touch a location card","timestamp":"2016-07-13T08:09:12.495Z"}
{"location":"location15","level":"info","message":"touch a location card","timestamp":"2016-07-13T08:09:12.497Z"}
{"location":"location15","level":"info","message":"touch a location card","timestamp":"2016-07-13T08:09:12.497Z"}
{"location":"location15","level":"info","message":"touch a location card","timestamp":"2016-07-13T08:09:16.188Z"}
{"location":"location15","level":"info","message":"touch a location card","timestamp":"2016-07-13T08:09:16.189Z"}
{"location":"location15","level":"info","message":"touch a location card","timestamp":"2016-07-13T08:09:16.189Z"}
{"location":"location15","level":"info","message":"touch a location card","timestamp":"2016-07-13T08:09:16.190Z"}
{"location":"location15","level":"info","message":"touch a location card","timestamp":"2016-07-13T08:09:33.423Z"}
{"location":"location15","level":"info","message":"touch a location card","timestamp":"2016-07-13T08:09:33.426Z"}
{"location":"location15","level":"info","message":"touch a location card","timestamp":"2016-07-13T08:09:33.426Z"}
{"location":"location15","level":"info","message":"touch a location card","timestamp":"2016-07-13T08:09:33.426Z"}
{"location":"location15","level":"info","message":"touch a location card","timestamp":"2016-07-13T08:09:33.427Z"}
{"location":"location15","level":"info","message":"touch a location card","timestamp":"2016-07-13T08:09:52.957Z"}
{"location":"location15","level":"info","message":"touch a location card","timestamp":"2016-07-13T08:09:52.959Z"}
{"location":"location15","level":"info","message":"touch a location card","timestamp":"2016-07-13T08:09:52.959Z"}
{"location":"location15","level":"info","message":"touch a location card","timestamp":"2016-07-13T08:09:52.959Z"}
{"location":"location15","level":"info","message":"touch a location card","timestamp":"2016-07-13T08:09:52.960Z"}
{"location":"location15","level":"info","message":"touch a location card","timestamp":"2016-07-13T08:09:52.961Z"}
{"location":"location15","level":"info","message":"touch a location card","timestamp":"2016-07-13T08:10:36.965Z"}
{"location":"location15","level":"info","message":"touch a location card","timestamp":"2016-07-13T08:10:43.073Z"}
{"location":"location15","level":"info","message":"touch a location card","timestamp":"2016-07-13T08:10:43.073Z"}
{"location":"location15","level":"info","message":"touch a location card","timestamp":"2016-07-13T08:10:43.074Z"}
{"location":"location15","level":"info","message":"touch a location card","timestamp":"2016-07-13T08:10:43.075Z"}
{"location":"location15","level":"info","message":"touch a location card","timestamp":"2016-07-13T08:10:43.075Z"}
{"location":"location15","level":"info","message":"touch a location card","timestamp":"2016-07-13T08:10:43.076Z"}
{"location":"location15","level":"info","message":"touch a location card","timestamp":"2016-07-13T08:11:32.740Z"}
{"location":"location15","level":"info","message":"touch a location card","timestamp":"2016-07-13T08:11:32.743Z"}
{"location":"location15","level":"info","message":"touch a location card","timestamp":"2016-07-13T08:11:32.743Z"}
{"location":"location15","level":"info","message":"touch a location card","timestamp":"2016-07-13T08:11:32.797Z"}
{"location":"location15","level":"info","message":"touch a location card","timestamp":"2016-07-13T08:11:32.797Z"}
{"location":"location15","level":"info","message":"touch a location card","timestamp":"2016-07-13T08:11:32.797Z"}
{"location":"location15","level":"info","message":"touch a location card","timestamp":"2016-07-13T08:11:32.798Z"}
{"location":"location15","level":"info","message":"touch a location card","timestamp":"2016-07-13T08:11:32.798Z"}
{"location":"location15","level":"info","message":"touch a location card","timestamp":"2016-07-13T08:11:44.964Z"}
{"location":"location15","level":"info","message":"touch a location card","timestamp":"2016-07-13T08:11:44.964Z"}
{"location":"location15","level":"info","message":"touch a location card","timestamp":"2016-07-13T08:11:44.965Z"}
{"location":"location15","level":"info","message":"touch a location card","timestamp":"2016-07-13T08:11:44.966Z"}
{"location":"location15","level":"info","message":"touch a location card","timestamp":"2016-07-13T08:11:44.966Z"}
{"location":"location15","level":"info","message":"touch a location card","timestamp":"2016-07-13T08:11:44.966Z"}
{"location":"location15","level":"info","message":"touch a location card","timestamp":"2016-07-13T08:11:44.966Z"}
{"location":"location15","level":"info","message":"touch a location card","timestamp":"2016-07-13T08:11:44.966Z"}
{"location":"location15","level":"info","message":"touch a location card","timestamp":"2016-07-13T08:11:44.967Z"}
{"location":"location15","level":"info","message":"touch a location card","timestamp":"2016-07-13T08:13:13.969Z"}
{"location":"location15","level":"info","message":"touch a location card","timestamp":"2016-07-13T08:13:27.124Z"}
{"location":"location15","level":"info","message":"touch a location card","timestamp":"2016-07-13T08:13:27.125Z"}
{"location":"location15","level":"info","message":"touch a location card","timestamp":"2016-07-13T08:13:27.126Z"}
{"location":"location15","level":"info","message":"touch a location card","timestamp":"2016-07-13T08:13:27.126Z"}
{"location":"location15","level":"info","message":"touch a location card","timestamp":"2016-07-13T08:13:27.127Z"}
{"location":"location15","level":"info","message":"touch a location card","timestamp":"2016-07-13T08:13:27.129Z"}
{"location":"location15","level":"info","message":"touch a location card","timestamp":"2016-07-13T08:13:27.130Z"}
{"location":"location15","level":"info","message":"touch a location card","timestamp":"2016-07-13T08:13:27.130Z"}
{"location":"location15","level":"info","message":"touch a location card","timestamp":"2016-07-13T08:13:27.131Z"}
{"location":"location15","level":"info","message":"touch a location card","timestamp":"2016-07-13T08:13:46.133Z"}
{"location":"location15","level":"info","message":"touch a location card","timestamp":"2016-07-13T08:14:23.747Z"}
{"location":"location15","level":"info","message":"touch a location card","timestamp":"2016-07-13T08:14:23.747Z"}
{"location":"location15","level":"info","message":"touch a location card","timestamp":"2016-07-13T08:14:23.747Z"}
{"location":"location15","level":"info","message":"touch a location card","timestamp":"2016-07-13T08:14:23.748Z"}
{"location":"location15","level":"info","message":"touch a location card","timestamp":"2016-07-13T08:14:23.748Z"}
{"location":"location15","level":"info","message":"touch a location card","timestamp":"2016-07-13T08:14:23.749Z"}
{"location":"location15","level":"info","message":"touch a location card","timestamp":"2016-07-13T08:14:23.749Z"}
{"location":"location15","level":"info","message":"touch a location card","timestamp":"2016-07-13T08:14:23.749Z"}
{"location":"location15","level":"info","message":"touch a location card","timestamp":"2016-07-13T08:14:23.750Z"}
{"location":"location15","level":"info","message":"touch a location card","timestamp":"2016-07-13T08:14:23.750Z"}
{"location":"location11","level":"info","message":"touch a location card","timestamp":"2016-07-13T08:14:53.053Z"}
{"location":"location11","level":"info","message":"touch a location card","timestamp":"2016-07-13T08:15:07.503Z"}
{"location":"location11","level":"info","message":"touch a location card","timestamp":"2016-07-13T08:15:14.298Z"}
{"level":"info","message":"Experiment Starts!!!!","timestamp":"2016-07-13T08:24:33.397Z"}
{"location":"location15","level":"info","message":"touch a location card","timestamp":"2016-07-13T08:24:38.916Z"}
{"location":"location15","level":"info","message":"touch a location card","timestamp":"2016-07-13T08:24:46.569Z"}
{"location":"location15","level":"info","message":"touch a location card","timestamp":"2016-07-13T08:24:49.111Z"}
{"location":"location15","level":"info","message":"touch a location card","timestamp":"2016-07-13T08:25:26.814Z"}
{"location":"location15","level":"info","message":"touch a location card","timestamp":"2016-07-13T08:25:51.824Z"}
{"location":"location15","level":"info","message":"touch a location card","timestamp":"2016-07-13T08:25:51.825Z"}
{"location":"location15","level":"info","message":"touch a location card","timestamp":"2016-07-13T08:26:13.226Z"}
{"level":"info","message":"Experiment Starts!!!!","timestamp":"2016-07-13T08:29:58.243Z"}
{"level":"info","message":"Experiment Starts!!!!","timestamp":"2016-07-13T08:31:23.461Z"}
{"level":"info","message":"Experiment Starts!!!!","timestamp":"2016-07-13T08:32:31.555Z"}
{"level":"info","message":"Experiment Starts!!!!","timestamp":"2016-07-13T08:33:43.116Z"}
{"level":"info","message":"Experiment Starts!!!!","timestamp":"2016-07-13T08:34:05.240Z"}
{"level":"info","message":"Experiment Starts!!!!","timestamp":"2016-07-13T08:35:31.462Z"}
{"location":"location15","level":"info","message":"touch a location card","timestamp":"2016-07-13T08:35:34.989Z"}
{"location":"location11","level":"info","message":"touch a location card","timestamp":"2016-07-13T08:35:37.998Z"}
{"location":"location14","level":"info","message":"touch a location card","timestamp":"2016-07-13T08:35:40.432Z"}
{"location":"location1","level":"info","message":"touch a location card","timestamp":"2016-07-13T08:35:42.675Z"}
{"location":"location2","level":"info","message":"touch a location card","timestamp":"2016-07-13T08:35:44.312Z"}
{"location":"location23","level":"info","message":"touch a location card","timestamp":"2016-07-13T08:44:18.686Z"}
{"location":"location1","level":"info","message":"touch a location card","timestamp":"2016-07-13T09:17:34.197Z"}
{"button":"attractions","cardBtn":false,"heartBtn":false,"hotelsBtn":false,"attractionBtn":true,"level":"info","message":"filtrate location","timestamp":"2016-07-13T09:18:18.491Z"}
{"button":"attractions","cardBtn":false,"heartBtn":false,"hotelsBtn":false,"attractionBtn":false,"level":"info","message":"filtrate location","timestamp":"2016-07-13T09:18:19.515Z"}
{"button":"attractions","cardBtn":false,"heartBtn":false,"hotelsBtn":false,"attractionBtn":true,"level":"info","message":"filtrate location","timestamp":"2016-07-13T09:18:20.292Z"}
{"level":"info","message":"drag the map","timestamp":"2016-07-15T14:08:39.207Z"}
{"level":"info","message":"change the zoom of the map","timestamp":"2016-07-15T14:08:41.360Z"}
{"level":"info","message":"Experiment Starts!!!!","timestamp":"2016-07-15T14:31:05.417Z"}
{"level":"info","message":"Experiment Starts!!!!","timestamp":"2016-07-15T14:31:17.387Z"}
{"level":"info","message":"Experiment Starts!!!!","timestamp":"2016-07-15T14:32:12.902Z"}
{"level":"info","message":"Experiment Starts!!!!","timestamp":"2016-07-15T14:34:03.616Z"}
{"level":"info","message":"Experiment Starts!!!!","timestamp":"2016-07-15T14:35:35.809Z"}
{"level":"info","message":"Experiment Starts!!!!","timestamp":"2016-07-15T14:51:32.850Z"}
{"location":8,"player":1,"group":5,"level":"info","message":"choose the location","timestamp":"2016-07-15T14:51:48.802Z"}
{"location":8,"group":5,"player":1,"value":true,"level":"info","message":"vote for location","timestamp":"2016-07-15T14:51:52.930Z"}
{"id":"note_5_8_1_1","content":"great","location":8,"player":1,"notes":1,"level":"info","message":"add note","timestamp":"2016-07-15T14:51:58.231Z"}
